<?xml version="1.0" encoding="UTF-8"?>
<testsuite xmlns:xsi="http://www.w3.org/2001/XMLSchema-instance" xsi:noNamespaceSchemaLocation="https://maven.apache.org/surefire/maven-surefire-plugin/xsd/surefire-test-report.xsd" name="bguspl.set.ex.PlayerTest" time="1.493" tests="3" errors="0" skipped="0" failures="0">
  <properties>
[...]
</properties>
  <testcase name="point" classname="bguspl.set.ex.PlayerTest" time="1.488"/>
  <testcase name="setOrNot" classname="bguspl.set.ex.PlayerTest" time="0.002"/>
  <testcase name="terminate" classname="bguspl.set.ex.PlayerTest" time="0.001"/>
</testsuite>